0 info it worked if it ends with ok
1 verbose cli [ '/usr/local/bin/node',
1 verbose cli   '/usr/local/bin/npm',
1 verbose cli   'i',
1 verbose cli   '--save-dev',
1 verbose cli   'bootstrap-sass-official' ]
2 info using npm@2.14.2
3 info using node@v4.0.0
4 verbose install initial load of /Applications/MAMP/htdocs/ui-bootstrap/package.json
5 verbose installManyTop reading scoped package data from /Applications/MAMP/htdocs/ui-bootstrap/node_modules/babel-core/package.json
6 verbose installManyTop reading scoped package data from /Applications/MAMP/htdocs/ui-bootstrap/node_modules/babel-loader/package.json
7 verbose installManyTop reading scoped package data from /Applications/MAMP/htdocs/ui-bootstrap/node_modules/bootstrap-sass/package.json
8 verbose installManyTop reading scoped package data from /Applications/MAMP/htdocs/ui-bootstrap/node_modules/css-loader/package.json
9 verbose installManyTop reading scoped package data from /Applications/MAMP/htdocs/ui-bootstrap/node_modules/extract-text-webpack-plugin/package.json
10 verbose installManyTop reading scoped package data from /Applications/MAMP/htdocs/ui-bootstrap/node_modules/file-loader/package.json
11 verbose installManyTop reading scoped package data from /Applications/MAMP/htdocs/ui-bootstrap/node_modules/node-sass/package.json
12 verbose installManyTop reading scoped package data from /Applications/MAMP/htdocs/ui-bootstrap/node_modules/react/package.json
13 verbose installManyTop reading scoped package data from /Applications/MAMP/htdocs/ui-bootstrap/node_modules/react-bootstrap/package.json
14 verbose installManyTop reading scoped package data from /Applications/MAMP/htdocs/ui-bootstrap/node_modules/react-hot-loader/package.json
15 verbose installManyTop reading scoped package data from /Applications/MAMP/htdocs/ui-bootstrap/node_modules/sass-loader/package.json
16 verbose installManyTop reading scoped package data from /Applications/MAMP/htdocs/ui-bootstrap/node_modules/style-loader/package.json
17 verbose installManyTop reading scoped package data from /Applications/MAMP/htdocs/ui-bootstrap/node_modules/susy/package.json
18 verbose installManyTop reading scoped package data from /Applications/MAMP/htdocs/ui-bootstrap/node_modules/url-loader/package.json
19 verbose installManyTop reading scoped package data from /Applications/MAMP/htdocs/ui-bootstrap/node_modules/webpack/package.json
20 verbose installManyTop reading scoped package data from /Applications/MAMP/htdocs/ui-bootstrap/node_modules/webpack-dev-server/package.json
21 verbose readDependencies loading dependencies from /Applications/MAMP/htdocs/ui-bootstrap/package.json
22 silly cache add args [ 'bootstrap-sass-official', null ]
23 verbose cache add spec bootstrap-sass-official
24 silly cache add parsed spec Result {
24 silly cache add   raw: 'bootstrap-sass-official',
24 silly cache add   scope: null,
24 silly cache add   name: 'bootstrap-sass-official',
24 silly cache add   rawSpec: '',
24 silly cache add   spec: '*',
24 silly cache add   type: 'range' }
25 silly addNamed bootstrap-sass-official@*
26 verbose addNamed "*" is a valid semver range for bootstrap-sass-official
27 silly addNameRange { name: 'bootstrap-sass-official', range: '*', hasData: false }
28 silly mapToRegistry name bootstrap-sass-official
29 silly mapToRegistry using default registry
30 silly mapToRegistry registry https://registry.npmjs.org/
31 silly mapToRegistry uri https://registry.npmjs.org/bootstrap-sass-official
32 verbose addNameRange registry:https://registry.npmjs.org/bootstrap-sass-official not in flight; fetching
33 verbose request uri https://registry.npmjs.org/bootstrap-sass-official
34 verbose request no auth needed
35 info attempt registry request try #1 at 6:51:38 PM
36 verbose request id aaf34dc5e5006de3
37 http request GET https://registry.npmjs.org/bootstrap-sass-official
38 http 404 https://registry.npmjs.org/bootstrap-sass-official
39 verbose headers { 'content-type': 'application/json',
39 verbose headers   'cache-control': 'max-age=0',
39 verbose headers   'content-length': '2',
39 verbose headers   'accept-ranges': 'bytes',
39 verbose headers   date: 'Thu, 17 Sep 2015 17:51:42 GMT',
39 verbose headers   via: '1.1 varnish',
39 verbose headers   age: '0',
39 verbose headers   connection: 'keep-alive',
39 verbose headers   'x-served-by': 'cache-lhr6321-LHR',
39 verbose headers   'x-cache': 'MISS',
39 verbose headers   'x-cache-hits': '0',
39 verbose headers   'x-timer': 'S1442512302.070021,VS0,VE633' }
40 silly get cb [ 404,
40 silly get   { 'content-type': 'application/json',
40 silly get     'cache-control': 'max-age=0',
40 silly get     'content-length': '2',
40 silly get     'accept-ranges': 'bytes',
40 silly get     date: 'Thu, 17 Sep 2015 17:51:42 GMT',
40 silly get     via: '1.1 varnish',
40 silly get     age: '0',
40 silly get     connection: 'keep-alive',
40 silly get     'x-served-by': 'cache-lhr6321-LHR',
40 silly get     'x-cache': 'MISS',
40 silly get     'x-cache-hits': '0',
40 silly get     'x-timer': 'S1442512302.070021,VS0,VE633' } ]
41 verbose stack Error: Registry returned 404 for GET on https://registry.npmjs.org/bootstrap-sass-official
41 verbose stack     at makeError (/usr/local/lib/node_modules/npm/node_modules/npm-registry-client/lib/request.js:263:12)
41 verbose stack     at CachingRegistryClient.<anonymous> (/usr/local/lib/node_modules/npm/node_modules/npm-registry-client/lib/request.js:241:14)
41 verbose stack     at Request._callback (/usr/local/lib/node_modules/npm/node_modules/npm-registry-client/lib/request.js:171:14)
41 verbose stack     at Request.self.callback (/usr/local/lib/node_modules/npm/node_modules/request/request.js:198:22)
41 verbose stack     at emitTwo (events.js:87:13)
41 verbose stack     at Request.emit (events.js:172:7)
41 verbose stack     at Request.<anonymous> (/usr/local/lib/node_modules/npm/node_modules/request/request.js:1073:14)
41 verbose stack     at emitOne (events.js:82:20)
41 verbose stack     at Request.emit (events.js:169:7)
41 verbose stack     at IncomingMessage.<anonymous> (/usr/local/lib/node_modules/npm/node_modules/request/request.js:1019:12)
42 verbose statusCode 404
43 verbose pkgid bootstrap-sass-official
44 verbose cwd /Applications/MAMP/htdocs/ui-bootstrap
45 error Darwin 14.5.0
46 error argv "/usr/local/bin/node" "/usr/local/bin/npm" "i" "--save-dev" "bootstrap-sass-official"
47 error node v4.0.0
48 error npm  v2.14.2
49 error code E404
50 error 404 Registry returned 404 for GET on https://registry.npmjs.org/bootstrap-sass-official
50 error 404
50 error 404 'bootstrap-sass-official' is not in the npm registry.
50 error 404 You should bug the author to publish it (or use the name yourself!)
50 error 404 It was specified as a dependency of 'ui-library'
50 error 404
50 error 404 Note that you can also install from a
50 error 404 tarball, folder, http url, or git url.
51 verbose exit [ 1, true ]
